[2026-06-25T14:25:01.115+0000] {taskinstance.py:1957} INFO - Dependencies all met for dep_context=non-requeueable deps ti=<TaskInstance: financial_sales_transactions.generate_transactions scheduled__2026-06-25T14:20:00+00:00 [queued]>
[2026-06-25T14:25:01.122+0000] {taskinstance.py:1957} INFO - Dependencies all met for dep_context=requeueable deps ti=<TaskInstance: financial_sales_transactions.generate_transactions scheduled__2026-06-25T14:20:00+00:00 [queued]>
[2026-06-25T14:25:01.123+0000] {taskinstance.py:2171} INFO - Starting attempt 1 of 1
[2026-06-25T14:25:01.135+0000] {taskinstance.py:2192} INFO - Executing <Task(BashOperator): generate_transactions> on 2026-06-25 14:20:00+00:00
[2026-06-25T14:25:01.195+0000] {standard_task_runner.py:60} INFO - Started process 12676 to run task
[2026-06-25T14:25:01.197+0000] {standard_task_runner.py:87} INFO - Running: ['airflow', 'tasks', 'run', 'financial_sales_transactions', 'generate_transactions', 'scheduled__2026-06-25T14:20:00+00:00', '--job-id', '18', '--raw', '--subdir', 'DAGS_FOLDER/dag_FinancialSales.py', '--cfg-path', '/tmp/tmp02i7wris']
[2026-06-25T14:25:01.200+0000] {standard_task_runner.py:88} INFO - Job 18: Subtask generate_transactions
[2026-06-25T14:25:01.305+0000] {task_command.py:423} INFO - Running <TaskInstance: financial_sales_transactions.generate_transactions scheduled__2026-06-25T14:20:00+00:00 [running]> on host 21d7c1aadf9a
[2026-06-25T14:25:01.447+0000] {taskinstance.py:2481} INFO - Exporting env vars: AIRFLOW_CTX_DAG_OWNER='airflow' AIRFLOW_CTX_DAG_ID='financial_sales_transactions' AIRFLOW_CTX_TASK_ID='generate_transactions' AIRFLOW_CTX_EXECUTION_DATE='2026-06-25T14:20:00+00:00' AIRFLOW_CTX_TRY_NUMBER='1' AIRFLOW_CTX_DAG_RUN_ID='scheduled__2026-06-25T14:20:00+00:00'
[2026-06-25T14:25:01.448+0000] {subprocess.py:63} INFO - Tmp dir root location: /tmp
[2026-06-25T14:25:01.449+0000] {subprocess.py:75} INFO - Running command: ['/usr/bin/bash', '-c', '\n        python /opt/airflow/dags/scripts_python/FinancialSales_Transactions.py\n        ']
[2026-06-25T14:25:01.496+0000] {subprocess.py:86} INFO - Output:
[2026-06-25T14:25:01.526+0000] {subprocess.py:93} INFO - Traceback (most recent call last):
[2026-06-25T14:25:01.527+0000] {subprocess.py:93} INFO -   File "/opt/airflow/dags/scripts_python/FinancialSales_Transactions.py", line 3, in <module>
[2026-06-25T14:25:01.527+0000] {subprocess.py:93} INFO -     import simplejson as json
[2026-06-25T14:25:01.527+0000] {subprocess.py:93} INFO - ModuleNotFoundError: No module named 'simplejson'
[2026-06-25T14:25:01.530+0000] {subprocess.py:97} INFO - Command exited with return code 1
[2026-06-25T14:25:01.546+0000] {taskinstance.py:2699} ERROR - Task failed with exception
Traceback (most recent call last):
  File "/home/airflow/.local/lib/python3.11/site-packages/airflow/models/taskinstance.py", line 433, in _execute_task
    result = execute_callable(context=context, **execute_callable_kwargs)
             ^^^^^^^^^^^^^^^^^^^^^^^^^^^^^^^^^^^^^^^^^^^^^^^^^^^^^^^^^^^^
  File "/home/airflow/.local/lib/python3.11/site-packages/airflow/operators/bash.py", line 212, in execute
    raise AirflowException(
airflow.exceptions.AirflowException: Bash command failed. The command returned a non-zero exit code 1.
[2026-06-25T14:25:01.550+0000] {taskinstance.py:1138} INFO - Marking task as FAILED. dag_id=financial_sales_transactions, task_id=generate_transactions, execution_date=20260625T142000, start_date=20260625T142501, end_date=20260625T142501
[2026-06-25T14:25:01.562+0000] {standard_task_runner.py:107} ERROR - Failed to execute job 18 for task generate_transactions (Bash command failed. The command returned a non-zero exit code 1.; 12676)
[2026-06-25T14:25:01.616+0000] {local_task_job_runner.py:234} INFO - Task exited with return code 1
[2026-06-25T14:25:01.636+0000] {taskinstance.py:3281} INFO - 0 downstream tasks scheduled from follow-on schedule check
