[2026-05-25T20:34:51.705+0000] {manager.py:469} INFO - Processing files using up to 2 processes at a time 
[2026-05-25T20:34:51.705+0000] {manager.py:470} INFO - Process each file at most once every 30 seconds
[2026-05-25T20:34:51.706+0000] {manager.py:471} INFO - Checking for new files in /opt/airflow/dags every 300 seconds
[2026-05-25T20:34:51.706+0000] {manager.py:738} INFO - Searching for files in /opt/airflow/dags
[2026-05-25T20:34:51.706+0000] {manager.py:741} INFO - There are 0 files in /opt/airflow/dags
[2026-05-25T20:39:51.833+0000] {manager.py:738} INFO - Searching for files in /opt/airflow/dags
[2026-05-25T20:39:51.834+0000] {manager.py:741} INFO - There are 0 files in /opt/airflow/dags
[2026-05-25T20:44:51.968+0000] {manager.py:738} INFO - Searching for files in /opt/airflow/dags
[2026-05-25T20:44:51.969+0000] {manager.py:741} INFO - There are 0 files in /opt/airflow/dags
[2026-05-25T20:47:55.463+0000] {manager.py:451} INFO - Exiting gracefully upon receiving signal 15
[2026-05-25T20:48:34.470+0000] {manager.py:469} INFO - Processing files using up to 2 processes at a time 
[2026-05-25T20:48:34.471+0000] {manager.py:470} INFO - Process each file at most once every 30 seconds
[2026-05-25T20:48:34.471+0000] {manager.py:471} INFO - Checking for new files in /opt/airflow/dags every 300 seconds
[2026-05-25T20:48:34.471+0000] {manager.py:738} INFO - Searching for files in /opt/airflow/dags
[2026-05-25T20:48:34.472+0000] {manager.py:741} INFO - There are 0 files in /opt/airflow/dags
[2026-05-25T20:53:34.632+0000] {manager.py:738} INFO - Searching for files in /opt/airflow/dags
[2026-05-25T20:53:34.633+0000] {manager.py:741} INFO - There are 0 files in /opt/airflow/dags
[2026-05-25T20:58:34.761+0000] {manager.py:738} INFO - Searching for files in /opt/airflow/dags
[2026-05-25T20:58:34.762+0000] {manager.py:741} INFO - There are 0 files in /opt/airflow/dags
[2026-05-25T21:03:34.849+0000] {manager.py:738} INFO - Searching for files in /opt/airflow/dags
[2026-05-25T21:03:34.850+0000] {manager.py:741} INFO - There are 0 files in /opt/airflow/dags
[2026-05-25T21:08:34.960+0000] {manager.py:738} INFO - Searching for files in /opt/airflow/dags
[2026-05-25T21:08:34.960+0000] {manager.py:741} INFO - There are 0 files in /opt/airflow/dags
